2023-03-25 18:48:56  [main]  org.WdtcUI.WdtcMain:9 - [ INFO ]  * Java Version:17.0.5
2023-03-25 18:48:56  [main]  org.WdtcUI.WdtcMain:10 - [ INFO ]  * Java VM Version:OpenJDK 64-Bit Server VM
2023-03-25 18:48:56  [main]  org.WdtcUI.WdtcMain:11 - [ INFO ]  * Java Home:F:\jdk\Amazon Corretto\jdk17.0.5_8
2023-03-25 18:48:56  [main]  org.WdtcUI.WdtcMain:12 - [ INFO ]  * 程序开始运行
2023-03-25 18:48:56  [main]  org.WdtcUI.WdtcMain:13 - [ INFO ]  * 栓Q,JavaFX ↓
2023-03-25 18:54:19  [Thread-4]  org.WdtcDownload.CompleteDocument.CompleteDocument:57 - [ INFO ]  * https://libraries.minecraft.net/com/google/code/gson/gson/2.10/gson-2.10.jar 开始下载
2023-03-25 18:54:19  [Thread-7]  org.WdtcDownload.CompleteDocument.CompleteDocument:57 - [ INFO ]  * https://libraries.minecraft.net/com/ibm/icu/icu4j/71.1/icu4j-71.1.jar 开始下载
2023-03-25 18:54:19  [Thread-9]  org.WdtcDownload.CompleteDocument.CompleteDocument:57 - [ INFO ]  * https://libraries.minecraft.net/com/mojang/blocklist/1.0.10/blocklist-1.0.10.jar 开始下载
2023-03-25 18:54:19  [Thread-8]  org.WdtcDownload.CompleteDocument.CompleteDocument:57 - [ INFO ]  * https://libraries.minecraft.net/com/mojang/authlib/3.18.38/authlib-3.18.38.jar 开始下载
2023-03-25 18:54:19  [Thread-10]  org.WdtcDownload.CompleteDocument.CompleteDocument:57 - [ INFO ]  * https://libraries.minecraft.net/com/mojang/brigadier/1.0.18/brigadier-1.0.18.jar 开始下载
2023-03-25 18:54:19  [Thread-6]  org.WdtcDownload.CompleteDocument.CompleteDocument:57 - [ INFO ]  * https://libraries.minecraft.net/com/google/guava/guava/31.1-jre/guava-31.1-jre.jar 开始下载
2023-03-25 18:54:19  [Thread-5]  org.WdtcDownload.CompleteDocument.CompleteDocument:57 - [ INFO ]  * https://libraries.minecraft.net/com/google/guava/failureaccess/1.0.1/failureaccess-1.0.1.jar 开始下载
2023-03-25 18:54:19  [Thread-3]  org.WdtcDownload.CompleteDocument.CompleteDocument:57 - [ INFO ]  * https://libraries.minecraft.net/com/github/oshi/oshi-core/6.2.2/oshi-core-6.2.2.jar 开始下载
2023-03-25 18:54:19  [Thread-15]  org.WdtcDownload.CompleteDocument.CompleteDocument:98 - [ INFO ]  * https://libraries.minecraft.net/com/mojang/text2speech/1.13.9/text2speech-1.13.9-natives-windows.jar 开始下载
2023-03-25 18:54:19  [Thread-40]  org.WdtcDownload.CompleteDocument.CompleteDocument:98 - [ INFO ]  * https://libraries.minecraft.net/org/lwjgl/lwjgl-glfw/3.3.1/lwjgl-glfw-3.3.1-natives-windows.jar 开始下载
2023-03-25 18:54:19  [Thread-41]  org.WdtcDownload.CompleteDocument.CompleteDocument:98 - [ INFO ]  * https://libraries.minecraft.net/org/lwjgl/lwjgl-glfw/3.3.1/lwjgl-glfw-3.3.1-natives-windows-x86.jar 开始下载
2023-03-25 18:54:19  [Thread-50]  org.WdtcDownload.CompleteDocument.CompleteDocument:98 - [ INFO ]  * https://libraries.minecraft.net/org/lwjgl/lwjgl-opengl/3.3.1/lwjgl-opengl-3.3.1-natives-windows-x86.jar 开始下载
2023-03-25 18:54:19  [Thread-43]  org.WdtcDownload.CompleteDocument.CompleteDocument:98 - [ INFO ]  * https://libraries.minecraft.net/org/lwjgl/lwjgl-jemalloc/3.3.1/lwjgl-jemalloc-3.3.1-natives-windows.jar 开始下载
2023-03-25 18:54:19  [Thread-25]  org.WdtcDownload.CompleteDocument.CompleteDocument:57 - [ INFO ]  * https://libraries.minecraft.net/io/netty/netty-transport-native-unix-common/4.1.82.Final/netty-transport-native-unix-common-4.1.82.Final.jar 开始下载
2023-03-25 18:54:19  [Thread-60]  org.WdtcDownload.CompleteDocument.CompleteDocument:57 - [ INFO ]  * https://libraries.minecraft.net/org/slf4j/slf4j-api/2.0.1/slf4j-api-2.0.1.jar 开始下载
2023-03-25 18:54:19  [Thread-59]  org.WdtcDownload.CompleteDocument.CompleteDocument:98 - [ INFO ]  * https://libraries.minecraft.net/org/lwjgl/lwjgl/3.3.1/lwjgl-3.3.1-natives-windows-x86.jar 开始下载
2023-03-25 18:54:19  [Thread-58]  org.WdtcDownload.CompleteDocument.CompleteDocument:98 - [ INFO ]  * https://libraries.minecraft.net/org/lwjgl/lwjgl/3.3.1/lwjgl-3.3.1-natives-windows.jar 开始下载
2023-03-25 18:54:19  [Thread-57]  org.WdtcDownload.CompleteDocument.CompleteDocument:57 - [ INFO ]  * https://libraries.minecraft.net/org/lwjgl/lwjgl/3.3.1/lwjgl-3.3.1.jar 开始下载
2023-03-25 18:54:19  [Thread-56]  org.WdtcDownload.CompleteDocument.CompleteDocument:98 - [ INFO ]  * https://libraries.minecraft.net/org/lwjgl/lwjgl-tinyfd/3.3.1/lwjgl-tinyfd-3.3.1-natives-windows-x86.jar 开始下载
2023-03-25 18:54:19  [Thread-55]  org.WdtcDownload.CompleteDocument.CompleteDocument:98 - [ INFO ]  * https://libraries.minecraft.net/org/lwjgl/lwjgl-tinyfd/3.3.1/lwjgl-tinyfd-3.3.1-natives-windows.jar 开始下载
2023-03-25 18:54:19  [Thread-53]  org.WdtcDownload.CompleteDocument.CompleteDocument:98 - [ INFO ]  * https://libraries.minecraft.net/org/lwjgl/lwjgl-stb/3.3.1/lwjgl-stb-3.3.1-natives-windows-x86.jar 开始下载
2023-03-25 18:54:19  [Thread-54]  org.WdtcDownload.CompleteDocument.CompleteDocument:57 - [ INFO ]  * https://libraries.minecraft.net/org/lwjgl/lwjgl-tinyfd/3.3.1/lwjgl-tinyfd-3.3.1.jar 开始下载
2023-03-25 18:54:19  [Thread-52]  org.WdtcDownload.CompleteDocument.CompleteDocument:98 - [ INFO ]  * https://libraries.minecraft.net/org/lwjgl/lwjgl-stb/3.3.1/lwjgl-stb-3.3.1-natives-windows.jar 开始下载
2023-03-25 18:54:19  [Thread-51]  org.WdtcDownload.CompleteDocument.CompleteDocument:57 - [ INFO ]  * https://libraries.minecraft.net/org/lwjgl/lwjgl-stb/3.3.1/lwjgl-stb-3.3.1.jar 开始下载
2023-03-25 18:54:19  [Thread-49]  org.WdtcDownload.CompleteDocument.CompleteDocument:98 - [ INFO ]  * https://libraries.minecraft.net/org/lwjgl/lwjgl-opengl/3.3.1/lwjgl-opengl-3.3.1-natives-windows.jar 开始下载
2023-03-25 18:54:19  [Thread-48]  org.WdtcDownload.CompleteDocument.CompleteDocument:57 - [ INFO ]  * https://libraries.minecraft.net/org/lwjgl/lwjgl-opengl/3.3.1/lwjgl-opengl-3.3.1.jar 开始下载
2023-03-25 18:54:19  [Thread-46]  org.WdtcDownload.CompleteDocument.CompleteDocument:98 - [ INFO ]  * https://libraries.minecraft.net/org/lwjgl/lwjgl-openal/3.3.1/lwjgl-openal-3.3.1-natives-windows.jar 开始下载
2023-03-25 18:54:19  [Thread-47]  org.WdtcDownload.CompleteDocument.CompleteDocument:98 - [ INFO ]  * https://libraries.minecraft.net/org/lwjgl/lwjgl-openal/3.3.1/lwjgl-openal-3.3.1-natives-windows-x86.jar 开始下载
2023-03-25 18:54:19  [Thread-44]  org.WdtcDownload.CompleteDocument.CompleteDocument:98 - [ INFO ]  * https://libraries.minecraft.net/org/lwjgl/lwjgl-jemalloc/3.3.1/lwjgl-jemalloc-3.3.1-natives-windows-x86.jar 开始下载
2023-03-25 18:54:19  [Thread-45]  org.WdtcDownload.CompleteDocument.CompleteDocument:57 - [ INFO ]  * https://libraries.minecraft.net/org/lwjgl/lwjgl-openal/3.3.1/lwjgl-openal-3.3.1.jar 开始下载
2023-03-25 18:54:19  [Thread-42]  org.WdtcDownload.CompleteDocument.CompleteDocument:57 - [ INFO ]  * https://libraries.minecraft.net/org/lwjgl/lwjgl-jemalloc/3.3.1/lwjgl-jemalloc-3.3.1.jar 开始下载
2023-03-25 18:54:19  [Thread-39]  org.WdtcDownload.CompleteDocument.CompleteDocument:57 - [ INFO ]  * https://libraries.minecraft.net/org/lwjgl/lwjgl-glfw/3.3.1/lwjgl-glfw-3.3.1.jar 开始下载
2023-03-25 18:54:19  [Thread-38]  org.WdtcDownload.CompleteDocument.CompleteDocument:57 - [ INFO ]  * https://libraries.minecraft.net/org/joml/joml/1.10.5/joml-1.10.5.jar 开始下载
2023-03-25 18:54:19  [Thread-37]  org.WdtcDownload.CompleteDocument.CompleteDocument:57 - [ INFO ]  * https://libraries.minecraft.net/org/apache/logging/log4j/log4j-slf4j2-impl/2.19.0/log4j-slf4j2-impl-2.19.0.jar 开始下载
2023-03-25 18:54:19  [Thread-36]  org.WdtcDownload.CompleteDocument.CompleteDocument:57 - [ INFO ]  * https://libraries.minecraft.net/org/apache/logging/log4j/log4j-core/2.19.0/log4j-core-2.19.0.jar 开始下载
2023-03-25 18:54:19  [Thread-35]  org.WdtcDownload.CompleteDocument.CompleteDocument:57 - [ INFO ]  * https://libraries.minecraft.net/org/apache/logging/log4j/log4j-api/2.19.0/log4j-api-2.19.0.jar 开始下载
2023-03-25 18:54:19  [Thread-34]  org.WdtcDownload.CompleteDocument.CompleteDocument:57 - [ INFO ]  * https://libraries.minecraft.net/org/apache/httpcomponents/httpcore/4.4.15/httpcore-4.4.15.jar 开始下载
2023-03-25 18:54:19  [Thread-33]  org.WdtcDownload.CompleteDocument.CompleteDocument:57 - [ INFO ]  * https://libraries.minecraft.net/org/apache/httpcomponents/httpclient/4.5.13/httpclient-4.5.13.jar 开始下载
2023-03-25 18:54:19  [Thread-32]  org.WdtcDownload.CompleteDocument.CompleteDocument:57 - [ INFO ]  * https://libraries.minecraft.net/org/apache/commons/commons-lang3/3.12.0/commons-lang3-3.12.0.jar 开始下载
2023-03-25 18:54:19  [Thread-31]  org.WdtcDownload.CompleteDocument.CompleteDocument:57 - [ INFO ]  * https://libraries.minecraft.net/org/apache/commons/commons-compress/1.21/commons-compress-1.21.jar 开始下载
2023-03-25 18:54:19  [Thread-29]  org.WdtcDownload.CompleteDocument.CompleteDocument:57 - [ INFO ]  * https://libraries.minecraft.net/net/java/dev/jna/jna/5.12.1/jna-5.12.1.jar 开始下载
2023-03-25 18:54:19  [Thread-30]  org.WdtcDownload.CompleteDocument.CompleteDocument:57 - [ INFO ]  * https://libraries.minecraft.net/net/sf/jopt-simple/jopt-simple/5.0.4/jopt-simple-5.0.4.jar 开始下载
2023-03-25 18:54:19  [Thread-28]  org.WdtcDownload.CompleteDocument.CompleteDocument:57 - [ INFO ]  * https://libraries.minecraft.net/net/java/dev/jna/jna-platform/5.12.1/jna-platform-5.12.1.jar 开始下载
2023-03-25 18:54:19  [Thread-27]  org.WdtcDownload.CompleteDocument.CompleteDocument:57 - [ INFO ]  * https://libraries.minecraft.net/it/unimi/dsi/fastutil/8.5.9/fastutil-8.5.9.jar 开始下载
2023-03-25 18:54:19  [Thread-26]  org.WdtcDownload.CompleteDocument.CompleteDocument:57 - [ INFO ]  * https://libraries.minecraft.net/io/netty/netty-transport/4.1.82.Final/netty-transport-4.1.82.Final.jar 开始下载
2023-03-25 18:54:19  [Thread-23]  org.WdtcDownload.CompleteDocument.CompleteDocument:57 - [ INFO ]  * https://libraries.minecraft.net/io/netty/netty-resolver/4.1.82.Final/netty-resolver-4.1.82.Final.jar 开始下载
2023-03-25 18:54:19  [Thread-24]  org.WdtcDownload.CompleteDocument.CompleteDocument:57 - [ INFO ]  * https://libraries.minecraft.net/io/netty/netty-transport-classes-epoll/4.1.82.Final/netty-transport-classes-epoll-4.1.82.Final.jar 开始下载
2023-03-25 18:54:19  [Thread-22]  org.WdtcDownload.CompleteDocument.CompleteDocument:57 - [ INFO ]  * https://libraries.minecraft.net/io/netty/netty-handler/4.1.82.Final/netty-handler-4.1.82.Final.jar 开始下载
2023-03-25 18:54:19  [Thread-21]  org.WdtcDownload.CompleteDocument.CompleteDocument:57 - [ INFO ]  * https://libraries.minecraft.net/io/netty/netty-common/4.1.82.Final/netty-common-4.1.82.Final.jar 开始下载
2023-03-25 18:54:19  [Thread-19]  org.WdtcDownload.CompleteDocument.CompleteDocument:57 - [ INFO ]  * https://libraries.minecraft.net/io/netty/netty-buffer/4.1.82.Final/netty-buffer-4.1.82.Final.jar 开始下载
2023-03-25 18:54:19  [Thread-20]  org.WdtcDownload.CompleteDocument.CompleteDocument:57 - [ INFO ]  * https://libraries.minecraft.net/io/netty/netty-codec/4.1.82.Final/netty-codec-4.1.82.Final.jar 开始下载
2023-03-25 18:54:19  [Thread-17]  org.WdtcDownload.CompleteDocument.CompleteDocument:57 - [ INFO ]  * https://libraries.minecraft.net/commons-io/commons-io/2.11.0/commons-io-2.11.0.jar 开始下载
2023-03-25 18:54:19  [Thread-18]  org.WdtcDownload.CompleteDocument.CompleteDocument:57 - [ INFO ]  * https://libraries.minecraft.net/commons-logging/commons-logging/1.2/commons-logging-1.2.jar 开始下载
2023-03-25 18:54:19  [Thread-16]  org.WdtcDownload.CompleteDocument.CompleteDocument:57 - [ INFO ]  * https://libraries.minecraft.net/commons-codec/commons-codec/1.15/commons-codec-1.15.jar 开始下载
2023-03-25 18:54:19  [Thread-14]  org.WdtcDownload.CompleteDocument.CompleteDocument:57 - [ INFO ]  * https://libraries.minecraft.net/com/mojang/text2speech/1.13.9/text2speech-1.13.9.jar 开始下载
2023-03-25 18:54:19  [Thread-13]  org.WdtcDownload.CompleteDocument.CompleteDocument:57 - [ INFO ]  * https://libraries.minecraft.net/com/mojang/patchy/2.2.10/patchy-2.2.10.jar 开始下载
2023-03-25 18:54:19  [Thread-12]  org.WdtcDownload.CompleteDocument.CompleteDocument:57 - [ INFO ]  * https://libraries.minecraft.net/com/mojang/logging/1.1.1/logging-1.1.1.jar 开始下载
2023-03-25 18:54:19  [Thread-11]  org.WdtcDownload.CompleteDocument.CompleteDocument:57 - [ INFO ]  * https://libraries.minecraft.net/com/mojang/datafixerupper/6.0.8/datafixerupper-6.0.8.jar 开始下载
2023-03-25 18:54:24  [Thread-55]  org.WdtcDownload.CompleteDocument.CompleteDocument:100 - [ INFO ]  * lwjgl-tinyfd-3.3.1-natives-windows.jar下载完成
2023-03-25 18:54:25  [Thread-54]  org.WdtcDownload.CompleteDocument.CompleteDocument:59 - [ INFO ]  * lwjgl-tinyfd-3.3.1.jar下载完成
2023-03-25 18:54:25  [Thread-43]  org.WdtcDownload.CompleteDocument.CompleteDocument:100 - [ INFO ]  * lwjgl-jemalloc-3.3.1-natives-windows.jar下载完成
2023-03-25 18:54:27  [Thread-60]  org.WdtcDownload.CompleteDocument.CompleteDocument:59 - [ INFO ]  * slf4j-api-2.0.1.jar下载完成
2023-03-25 18:54:29  [Thread-30]  org.WdtcDownload.CompleteDocument.CompleteDocument:59 - [ INFO ]  * jopt-simple-5.0.4.jar下载完成
2023-03-25 18:54:29  [Thread-10]  org.WdtcDownload.CompleteDocument.CompleteDocument:59 - [ INFO ]  * brigadier-1.0.18.jar下载完成
2023-03-25 18:54:29  [Thread-25]  org.WdtcDownload.CompleteDocument.CompleteDocument:59 - [ INFO ]  * netty-transport-native-unix-common-4.1.82.Final.jar下载完成
2023-03-25 18:54:29  [Thread-18]  org.WdtcDownload.CompleteDocument.CompleteDocument:59 - [ INFO ]  * commons-logging-1.2.jar下载完成
2023-03-25 18:54:29  [Thread-49]  org.WdtcDownload.CompleteDocument.CompleteDocument:100 - [ INFO ]  * lwjgl-opengl-3.3.1-natives-windows.jar下载完成
2023-03-25 18:54:29  [Thread-58]  org.WdtcDownload.CompleteDocument.CompleteDocument:100 - [ INFO ]  * lwjgl-3.3.1-natives-windows.jar下载完成
2023-03-25 18:54:29  [Thread-32]  org.WdtcDownload.CompleteDocument.CompleteDocument:59 - [ INFO ]  * commons-lang3-3.12.0.jar下载完成
2023-03-25 18:54:29  [Thread-5]  org.WdtcDownload.CompleteDocument.CompleteDocument:59 - [ INFO ]  * failureaccess-1.0.1.jar下载完成
2023-03-25 18:54:29  [Thread-12]  org.WdtcDownload.CompleteDocument.CompleteDocument:59 - [ INFO ]  * logging-1.1.1.jar下载完成
2023-03-25 18:54:29  [Thread-51]  org.WdtcDownload.CompleteDocument.CompleteDocument:59 - [ INFO ]  * lwjgl-stb-3.3.1.jar下载完成
2023-03-25 18:54:29  [Thread-9]  org.WdtcDownload.CompleteDocument.CompleteDocument:59 - [ INFO ]  * blocklist-1.0.10.jar下载完成
2023-03-25 18:54:29  [Thread-8]  org.WdtcDownload.CompleteDocument.CompleteDocument:59 - [ INFO ]  * authlib-3.18.38.jar下载完成
2023-03-25 18:54:29  [Thread-46]  org.WdtcDownload.CompleteDocument.CompleteDocument:100 - [ INFO ]  * lwjgl-openal-3.3.1-natives-windows.jar下载完成
2023-03-25 18:54:29  [Thread-21]  org.WdtcDownload.CompleteDocument.CompleteDocument:59 - [ INFO ]  * netty-common-4.1.82.Final.jar下载完成
2023-03-25 18:54:29  [Thread-39]  org.WdtcDownload.CompleteDocument.CompleteDocument:59 - [ INFO ]  * lwjgl-glfw-3.3.1.jar下载完成
2023-03-25 18:54:29  [Thread-13]  org.WdtcDownload.CompleteDocument.CompleteDocument:59 - [ INFO ]  * patchy-2.2.10.jar下载完成
2023-03-25 18:54:30  [Thread-19]  org.WdtcDownload.CompleteDocument.CompleteDocument:59 - [ INFO ]  * netty-buffer-4.1.82.Final.jar下载完成
2023-03-25 18:54:30  [Thread-40]  org.WdtcDownload.CompleteDocument.CompleteDocument:100 - [ INFO ]  * lwjgl-glfw-3.3.1-natives-windows.jar下载完成
2023-03-25 18:54:30  [Thread-23]  org.WdtcDownload.CompleteDocument.CompleteDocument:59 - [ INFO ]  * netty-resolver-4.1.82.Final.jar下载完成
2023-03-25 18:54:30  [Thread-44]  org.WdtcDownload.CompleteDocument.CompleteDocument:100 - [ INFO ]  * lwjgl-jemalloc-3.3.1-natives-windows-x86.jar下载完成
2023-03-25 18:54:30  [Thread-37]  org.WdtcDownload.CompleteDocument.CompleteDocument:59 - [ INFO ]  * log4j-slf4j2-impl-2.19.0.jar下载完成
2023-03-25 18:54:30  [Thread-47]  org.WdtcDownload.CompleteDocument.CompleteDocument:100 - [ INFO ]  * lwjgl-openal-3.3.1-natives-windows-x86.jar下载完成
2023-03-25 18:54:30  [Thread-57]  org.WdtcDownload.CompleteDocument.CompleteDocument:59 - [ INFO ]  * lwjgl-3.3.1.jar下载完成
2023-03-25 18:54:30  [Thread-53]  org.WdtcDownload.CompleteDocument.CompleteDocument:100 - [ INFO ]  * lwjgl-stb-3.3.1-natives-windows-x86.jar下载完成
2023-03-25 18:54:30  [Thread-41]  org.WdtcDownload.CompleteDocument.CompleteDocument:100 - [ INFO ]  * lwjgl-glfw-3.3.1-natives-windows-x86.jar下载完成
2023-03-25 18:54:30  [Thread-48]  org.WdtcDownload.CompleteDocument.CompleteDocument:59 - [ INFO ]  * lwjgl-opengl-3.3.1.jar下载完成
2023-03-25 18:54:31  [Thread-56]  org.WdtcDownload.CompleteDocument.CompleteDocument:100 - [ INFO ]  * lwjgl-tinyfd-3.3.1-natives-windows-x86.jar下载完成
2023-03-25 18:54:31  [Thread-42]  org.WdtcDownload.CompleteDocument.CompleteDocument:59 - [ INFO ]  * lwjgl-jemalloc-3.3.1.jar下载完成
2023-03-25 18:54:31  [Thread-45]  org.WdtcDownload.CompleteDocument.CompleteDocument:59 - [ INFO ]  * lwjgl-openal-3.3.1.jar下载完成
2023-03-25 18:54:31  [Thread-14]  org.WdtcDownload.CompleteDocument.CompleteDocument:59 - [ INFO ]  * text2speech-1.13.9.jar下载完成
2023-03-25 18:54:31  [Thread-35]  org.WdtcDownload.CompleteDocument.CompleteDocument:59 - [ INFO ]  * log4j-api-2.19.0.jar下载完成
2023-03-25 18:54:31  [Thread-24]  org.WdtcDownload.CompleteDocument.CompleteDocument:59 - [ INFO ]  * netty-transport-classes-epoll-4.1.82.Final.jar下载完成
2023-03-25 18:54:31  [Thread-4]  org.WdtcDownload.CompleteDocument.CompleteDocument:59 - [ INFO ]  * gson-2.10.jar下载完成
2023-03-25 18:54:31  [Thread-50]  org.WdtcDownload.CompleteDocument.CompleteDocument:100 - [ INFO ]  * lwjgl-opengl-3.3.1-natives-windows-x86.jar下载完成
2023-03-25 18:54:32  [Thread-34]  org.WdtcDownload.CompleteDocument.CompleteDocument:59 - [ INFO ]  * httpcore-4.4.15.jar下载完成
2023-03-25 18:54:32  [Thread-17]  org.WdtcDownload.CompleteDocument.CompleteDocument:59 - [ INFO ]  * commons-io-2.11.0.jar下载完成
2023-03-25 18:54:32  [Thread-26]  org.WdtcDownload.CompleteDocument.CompleteDocument:59 - [ INFO ]  * netty-transport-4.1.82.Final.jar下载完成
2023-03-25 18:54:32  [Thread-20]  org.WdtcDownload.CompleteDocument.CompleteDocument:59 - [ INFO ]  * netty-codec-4.1.82.Final.jar下载完成
2023-03-25 18:54:33  [Thread-38]  org.WdtcDownload.CompleteDocument.CompleteDocument:59 - [ INFO ]  * joml-1.10.5.jar下载完成
2023-03-25 18:54:33  [Thread-11]  org.WdtcDownload.CompleteDocument.CompleteDocument:59 - [ INFO ]  * datafixerupper-6.0.8.jar下载完成
2023-03-25 18:54:33  [Thread-33]  org.WdtcDownload.CompleteDocument.CompleteDocument:59 - [ INFO ]  * httpclient-4.5.13.jar下载完成
2023-03-25 18:54:34  [Thread-6]  org.WdtcDownload.CompleteDocument.CompleteDocument:59 - [ INFO ]  * guava-31.1-jre.jar下载完成
2023-03-25 18:54:36  [Thread-36]  org.WdtcDownload.CompleteDocument.CompleteDocument:59 - [ INFO ]  * log4j-core-2.19.0.jar下载完成
2023-03-25 18:54:36  [Thread-31]  org.WdtcDownload.CompleteDocument.CompleteDocument:59 - [ INFO ]  * commons-compress-1.21.jar下载完成
2023-03-25 18:54:41  [Thread-15]  org.WdtcDownload.CompleteDocument.CompleteDocument:100 - [ INFO ]  * text2speech-1.13.9-natives-windows.jar下载完成
2023-03-25 18:54:41  [Thread-59]  org.WdtcDownload.CompleteDocument.CompleteDocument:100 - [ INFO ]  * lwjgl-3.3.1-natives-windows-x86.jar下载完成
2023-03-25 18:54:41  [Thread-16]  org.WdtcDownload.CompleteDocument.CompleteDocument:59 - [ INFO ]  * commons-codec-1.15.jar下载完成
2023-03-25 18:54:41  [Thread-3]  org.WdtcDownload.CompleteDocument.CompleteDocument:59 - [ INFO ]  * oshi-core-6.2.2.jar下载完成
2023-03-25 18:54:42  [Thread-7]  org.WdtcDownload.CompleteDocument.CompleteDocument:59 - [ INFO ]  * icu4j-71.1.jar下载完成
2023-03-25 18:54:45  [Thread-22]  org.WdtcDownload.CompleteDocument.CompleteDocument:59 - [ INFO ]  * netty-handler-4.1.82.Final.jar下载完成
2023-03-25 18:54:45  [Thread-28]  org.WdtcDownload.CompleteDocument.CompleteDocument:59 - [ INFO ]  * jna-platform-5.12.1.jar下载完成
2023-03-25 18:54:53  [Thread-52]  org.WdtcDownload.CompleteDocument.CompleteDocument:100 - [ INFO ]  * lwjgl-stb-3.3.1-natives-windows.jar下载完成
2023-03-25 18:55:02  [Thread-27]  org.WdtcDownload.CompleteDocument.CompleteDocument:59 - [ INFO ]  * fastutil-8.5.9.jar下载完成
2023-03-25 18:55:16  [Thread-29]  org.WdtcDownload.CompleteDocument.CompleteDocument:59 - [ INFO ]  * jna-5.12.1.jar下载完成
